[27608:0227/032244.919:INFO:CONSOLE(495)] "[vite] connecting...", source: http://localhost:5173/@vite/client (495)
[27608:0227/032244.924:INFO:CONSOLE(618)] "[vite] connected.", source: http://localhost:5173/@vite/client (618)
[27608:0227/032244.948:INFO:CONSOLE(21549)] "%cDownload the React DevTools for a better development experience: https://reactjs.org/link/react-devtools font-weight:bold", source: http://localhost:5173/node_modules/.vite/deps/chunk-XPR23Y44.js?v=364500cc (21549)
[27608:0227/032244.954:INFO:CONSOLE(2)] "%cElectron Security Warning (Insecure Content-Security-Policy) font-weight: bold; This renderer process has either no Content Security
  Policy set or a policy with "unsafe-eval" enabled. This exposes users of
  this app to unnecessary security risks.

For more information and help, consult
https://electronjs.org/docs/tutorial/security.
This warning will not show up
once the app is packaged.", source: node:electron/js2c/renderer_init (2)
[27608:0227/032244.966:INFO:CONSOLE(37)] "Jarvis ready — hold circle to talk", source: http://localhost:5173/src/components/JarvisAvatar.jsx (37)
[27608:0227/032244.966:INFO:CONSOLE(43)] "Using backend speech mode (Electron)", source: http://localhost:5173/src/components/JarvisAvatar.jsx (43)
[27608:0227/032244.968:INFO:CONSOLE(37)] "Jarvis ready — hold circle to talk", source: http://localhost:5173/src/components/JarvisAvatar.jsx (37)
[27608:0227/032244.968:INFO:CONSOLE(43)] "Using backend speech mode (Electron)", source: http://localhost:5173/src/components/JarvisAvatar.jsx (43)
[27608:0227/032245.015:WARNING:CONSOLE(2)] "%cElectron Security Warning (Insecure Content-Security-Policy) font-weight: bold; This renderer process has either no Content Security
  Policy set or a policy with "unsafe-eval" enabled. This exposes users of
  this app to unnecessary security risks.

For more information and help, consult
https://electronjs.org/docs/tutorial/security.
This warning will not show up
once the app is packaged.", source: node:electron/js2c/sandbox_bundle (2)
[27608:0227/032245.146:ERROR:CONSOLE(1)] "Request Autofill.enable failed. {"code":-32601,"message":"'Autofill.enable' wasn't found"}", source: devtools://devtools/bundled/core/protocol_client/protocol_client.js (1)
[27608:0227/032419.999:INFO:CONSOLE(495)] "[vite] connecting...", source: http://localhost:5173/@vite/client (495)
[27608:0227/032420.002:INFO:CONSOLE(618)] "[vite] connected.", source: http://localhost:5173/@vite/client (618)
[27608:0227/032420.014:INFO:CONSOLE(21549)] "%cDownload the React DevTools for a better development experience: https://reactjs.org/link/react-devtools font-weight:bold", source: http://localhost:5173/node_modules/.vite/deps/chunk-XPR23Y44.js?v=364500cc (21549)
[27608:0227/032420.022:INFO:CONSOLE(2)] "%cElectron Security Warning (Insecure Content-Security-Policy) font-weight: bold; This renderer process has either no Content Security
  Policy set or a policy with "unsafe-eval" enabled. This exposes users of
  this app to unnecessary security risks.

For more information and help, consult
https://electronjs.org/docs/tutorial/security.
This warning will not show up
once the app is packaged.", source: node:electron/js2c/renderer_init (2)
